11/7/2018 9:32:20 AM	This log contains information about the import schema operation into project 'LazoDb' on computer 'DESKTOP-SLFVQSH' by user 'Tran Dat'.
11/7/2018 9:32:20 AM	Import of database schema has started.
11/7/2018 9:32:28 AM	Gathering database options
11/7/2018 9:32:28 AM	Gathering users
11/7/2018 9:32:28 AM	Gathering roles
11/7/2018 9:32:28 AM	Gathering application roles
11/7/2018 9:32:28 AM	Gathering role memberships
11/7/2018 9:32:28 AM	Gathering filegroups
11/7/2018 9:32:28 AM	Gathering full-text catalogs
11/7/2018 9:32:28 AM	Gathering assemblies
11/7/2018 9:32:28 AM	Gathering certificates
11/7/2018 9:32:28 AM	Gathering asymmetric keys
11/7/2018 9:32:28 AM	Gathering symmetric keys
11/7/2018 9:32:28 AM	Gathering encrypted symmetric keys
11/7/2018 9:32:28 AM	Gathering schemas
11/7/2018 9:32:28 AM	Gathering XML schema collections
11/7/2018 9:32:28 AM	Gathering user-defined data types
11/7/2018 9:32:28 AM	Gathering user-defined types
11/7/2018 9:32:28 AM	Gathering table types
11/7/2018 9:32:28 AM	Gathering unique keys for table types
11/7/2018 9:32:28 AM	Gathering primary keys for table types
11/7/2018 9:32:28 AM	Gathering indexes for table types
11/7/2018 9:32:28 AM	Gathering check constraints for table types
11/7/2018 9:32:28 AM	Gathering default constraints for table types
11/7/2018 9:32:29 AM	Gathering partition functions
11/7/2018 9:32:29 AM	Gathering partition schemes
11/7/2018 9:32:29 AM	Gathering functions
11/7/2018 9:32:29 AM	Gathering encrypted functions
11/7/2018 9:32:29 AM	Gathering aggregates
11/7/2018 9:32:29 AM	Gathering procedures
11/7/2018 9:32:29 AM	Gathering encrypted procedures
11/7/2018 9:32:29 AM	Gathering tables
11/7/2018 9:32:29 AM	Gathering primary keys
11/7/2018 9:32:29 AM	Gathering unique constraints
11/7/2018 9:32:29 AM	Gathering foreign keys
11/7/2018 9:32:29 AM	Gathering default constraints
11/7/2018 9:32:29 AM	Gathering check constraints
11/7/2018 9:32:29 AM	Gathering views
11/7/2018 9:32:29 AM	Gathering encrypted views
11/7/2018 9:32:29 AM	Gathering indexes
11/7/2018 9:32:29 AM	Gathering statistics
11/7/2018 9:32:29 AM	Gathering full-text index stoplists
11/7/2018 9:32:29 AM	Gathering search property lists
11/7/2018 9:32:29 AM	Gathering search properties
11/7/2018 9:32:29 AM	Gathering full-text indexes
11/7/2018 9:32:29 AM	Gathering column store indexes
11/7/2018 9:32:29 AM	Gathering spatial indexes
11/7/2018 9:32:29 AM	Gathering XML indexes
11/7/2018 9:32:29 AM	Gathering Selective XML indexes
11/7/2018 9:32:29 AM	Gathering encrypted triggers
11/7/2018 9:32:29 AM	Gathering triggers
11/7/2018 9:32:29 AM	Gathering encrypted and clr ddl triggers
11/7/2018 9:32:29 AM	Gathering ddl triggers
11/7/2018 9:32:29 AM	Gathering synonyms
11/7/2018 9:32:29 AM	Gathering defaults
11/7/2018 9:32:29 AM	Gathering data constraint uddt bindings
11/7/2018 9:32:29 AM	Gathering rules
11/7/2018 9:32:29 AM	Gathering data constraint uddt bindings
11/7/2018 9:32:29 AM	Gathering message types
11/7/2018 9:32:29 AM	Gathering queues
11/7/2018 9:32:29 AM	Gathering contracts
11/7/2018 9:32:29 AM	Gathering services
11/7/2018 9:32:29 AM	Gathering event notifications
11/7/2018 9:32:29 AM	Gathering remote service bindings
11/7/2018 9:32:29 AM	Gathering broker priorities
11/7/2018 9:32:29 AM	Gathering signatures
11/7/2018 9:32:29 AM	Gathering data compression options
11/7/2018 9:32:29 AM	Gathering sequence types
11/7/2018 9:32:29 AM	Gathering extended properties
11/7/2018 9:32:29 AM	Gathering credentials
11/7/2018 9:32:29 AM	Gathering logins
11/7/2018 9:32:29 AM	Gathering server audits
11/7/2018 9:32:29 AM	Scanning project for duplicate elements
11/7/2018 9:32:29 AM	Finished duplicate element processing
11/7/2018 9:32:30 AM	Finished importing database.
11/7/2018 9:32:30 AM	A summary of the import was saved to the following location: E:\LazoWeb\LazoDb\Import Schema Logs\LazoDb_20181107023220.log
11/7/2018 9:32:30 AM	Click Finish to continue...
